<?xml version="1.0" encoding="UTF-8"?>
<!-- Generated by org.testng.reporters.JUnitReportReporter -->
<testsuite hostname="DESKTOP-94SQPTM" name="myTestNG.Subtraction" tests="2" failures="0" timestamp="15 May 2019 08:45:45 GMT" time="0.001" errors="0">
  <testcase name="resultSubDouble" time="0.000" classname="myTestNG.Subtraction"/>
  <testcase name="resultSubLong" time="0.001" classname="myTestNG.Subtraction"/>
</testsuite> <!-- myTestNG.Subtraction -->
