<?xml version="1.0" encoding="UTF-8"?>
<!-- Generated by org.testng.reporters.JUnitReportReporter -->
<testsuite hostname="DESKTOP-94SQPTM" name="myTestNG.Sum" tests="5" failures="0" timestamp="15 May 2019 08:45:45 GMT" time="0.028" errors="0">
  <testcase name="resultOfSumDouble2" time="0.000" classname="myTestNG.Sum"/>
  <testcase name="resultSumDouble" time="0.001" classname="myTestNG.Sum"/>
  <testcase name="resultSumLong" time="0.001" classname="myTestNG.Sum"/>
  <testcase name="resultSumDouble" time="0.026" classname="myTestNG.Sum"/>
  <testcase name="resultSumLong" time="0.000" classname="myTestNG.Sum"/>
</testsuite> <!-- myTestNG.Sum -->
