<?xml version="1.0" encoding="UTF-8"?>
<!-- Generated by org.testng.reporters.JUnitReportReporter -->
<testsuite hostname="DESKTOP-94SQPTM" name="myTestNG.Subtraction" tests="2" failures="0" timestamp="15 May 2019 11:28:47 GMT" time="0.002" errors="0">
  <testcase name="resultSubLong" time="0.000" classname="myTestNG.Subtraction"/>
  <testcase name="resultSubDouble" time="0.002" classname="myTestNG.Subtraction"/>
</testsuite> <!-- myTestNG.Subtraction -->
