<?xml version="1.0" encoding="UTF-8"?>
<!-- Generated by org.testng.reporters.JUnitReportReporter -->
<testsuite hostname="DESKTOP-94SQPTM" name="myTestNG.Division" tests="4" failures="0" timestamp="15 May 2019 11:28:47 GMT" time="0.001" errors="0">
  <testcase name="resultDivLong" time="0.000" classname="myTestNG.Division"/>
  <testcase name="resultDivLong3" time="0.001" classname="myTestNG.Division"/>
  <testcase name="resultDivDouble" time="0.000" classname="myTestNG.Division"/>
  <testcase name="resultDivDouble3" time="0.000" classname="myTestNG.Division"/>
</testsuite> <!-- myTestNG.Division -->
