<?xml version="1.0" encoding="UTF-8"?>
<!-- Generated by org.testng.reporters.JUnitReportReporter -->
<testsuite hostname="DESKTOP-94SQPTM" name="myTestNG.Sum" tests="5" failures="0" timestamp="15 May 2019 11:28:46 GMT" time="0.018" errors="1">
  <testcase name="resultSumDouble" time="0.000" classname="myTestNG.Sum"/>
  <testcase name="resultSumLong" time="0.000" classname="myTestNG.Sum"/>
  <testcase name="resultSumLong" time="0.000" classname="myTestNG.Sum"/>
  <testcase name="resultOfSumDouble2" time="0.000" classname="myTestNG.Sum">
    <error type="java.lang.Throwable" message="Method Sum.resultOfSumDouble2()[pri:0, instance:myTestNG.Sum@b065c63] depends on not successfully finished methods in group &quot;symma&quot;">
      <![CDATA[java.lang.Throwable: Method Sum.resultOfSumDouble2()[pri:0, instance:myTestNG.Sum@b065c63] depends on not successfully finished methods in group "symma"
	at org.testng.internal.Invoker.invokeTestMethods(Invoker.java:1033)
	at org.testng.internal.TestMethodWorker.invokeTestMethods(TestMethodWorker.java:125)
	at org.testng.internal.TestMethodWorker.run(TestMethodWorker.java:108)
	at org.testng.TestRunner.privateRun(TestRunner.java:774)
	at org.testng.TestRunner.run(TestRunner.java:624)
	at org.testng.SuiteRunner.runTest(SuiteRunner.java:359)
	at org.testng.SuiteRunner.runSequentially(SuiteRunner.java:354)
	at org.testng.SuiteRunner.privateRun(SuiteRunner.java:312)
	at org.testng.SuiteRunner.run(SuiteRunner.java:261)
	at org.testng.SuiteRunnerWorker.runSuite(SuiteRunnerWorker.java:52)
	at org.testng.SuiteRunnerWorker.run(SuiteRunnerWorker.java:86)
	at org.testng.TestNG.runSuitesSequentially(TestNG.java:1215)
	at org.testng.TestNG.runSuitesSequentially(TestNG.java:1211)
	at org.testng.TestNG.runSuitesLocally(TestNG.java:1140)
	at org.testng.TestNG.run(TestNG.java:1048)
	at runner.MySuiteRunner.main(MySuiteRunner.java:29)
]]>
    </error>
  </testcase> <!-- resultOfSumDouble2 -->
  <testcase name="resultSumDouble" time="0.018" classname="myTestNG.Sum"/>
</testsuite> <!-- myTestNG.Sum -->
