<?xml version="1.0" encoding="UTF-8"?>
<!-- Generated by org.testng.reporters.JUnitReportReporter -->
<testsuite hostname="DESKTOP-94SQPTM" name="myTestNG.Multiplication" tests="3" failures="0" timestamp="15 May 2019 08:45:45 GMT" time="0.005" errors="0">
  <testcase name="resultMultDouble" time="0.000" classname="myTestNG.Multiplication"/>
  <testcase name="resuiltMultLong" time="0.004" classname="myTestNG.Multiplication"/>
  <testcase name="resultMultDouble" time="0.001" classname="myTestNG.Multiplication"/>
</testsuite> <!-- myTestNG.Multiplication -->
